<html>
<body>
<pre>
<h1>Vision Build Log</h1>
<h2>Project:</h2>
C:\Users\admin\Documents\程序源码\STM32\STM32工程模板\STM32工程\Project\STM32_Project.uvproj
Project File Date:  03/07/2016

<h2>Output:</h2>
Build target 'Template'
compiling main.c...
..\User\main.c(17): warning:  #111-D: statement is unreachable
linking...
Program Size: Code=2844 RO-data=336 RW-data=40 ZI-data=1632  
"STM32_Project.axf" - 0 Error(s), 1 Warning(s).
Rebuild target 'Template'
assembling startup_stm32f10x_hd.s...
compiling core_cm3.c...
compiling system_stm32f10x.c...
compiling misc.c...
compiling stm32f10x_gpio.c...
compiling stm32f10x_rcc.c...
compiling main.c...
..\User\main.c(17): warning:  #111-D: statement is unreachable
compiling delay.c...
compiling LED.c...
linking...
Program Size: Code=2844 RO-data=336 RW-data=40 ZI-data=1632  
"STM32_Project.axf" - 0 Error(s), 1 Warning(s).
Load "C:\\Users\\admin\\Documents\\程序源码\\STM32\\STM32工程模板\\STM32工程\\Project\\STM32_Project.AXF" 
Erase Done.
Programming Done.
Verify OK.
Rebuild target 'Template'
assembling startup_stm32f10x_hd.s...
compiling core_cm3.c...
compiling system_stm32f10x.c...
compiling misc.c...
compiling stm32f10x_gpio.c...
compiling stm32f10x_rcc.c...
compiling main.c...
..\User\main.c(17): warning:  #111-D: statement is unreachable
compiling delay.c...
compiling LED.c...
linking...
Program Size: Code=2844 RO-data=336 RW-data=40 ZI-data=1632  
"STM32_Project.axf" - 0 Error(s), 1 Warning(s).
Build target 'Template'
compiling LED.c...
linking...
Program Size: Code=2844 RO-data=336 RW-data=40 ZI-data=1632  
"STM32_Project.axf" - 0 Error(s), 0 Warning(s).
Rebuild target 'Template'
assembling startup_stm32f10x_hd.s...
compiling core_cm3.c...
compiling system_stm32f10x.c...
compiling misc.c...
compiling stm32f10x_gpio.c...
compiling stm32f10x_rcc.c...
compiling main.c...
..\User\main.c(17): warning:  #111-D: statement is unreachable
compiling delay.c...
compiling LED.c...
linking...
Program Size: Code=2844 RO-data=336 RW-data=40 ZI-data=1632  
"STM32_Project.axf" - 0 Error(s), 1 Warning(s).
Load "C:\\Users\\admin\\Documents\\程序源码\\STM32\\STM32工程模板\\STM32工程\\Project\\STM32_Project.AXF" 
Erase Done.
Programming Done.
Verify OK.
Build target 'Template'
compiling LED.c...
linking...
Program Size: Code=2844 RO-data=336 RW-data=40 ZI-data=1632  
"STM32_Project.axf" - 0 Error(s), 0 Warning(s).
Build target 'Template'
compiling LED.c...
linking...
Program Size: Code=2844 RO-data=336 RW-data=40 ZI-data=1632  
"STM32_Project.axf" - 0 Error(s), 0 Warning(s).
Rebuild target 'Template'
assembling startup_stm32f10x_hd.s...
compiling core_cm3.c...
compiling system_stm32f10x.c...
compiling misc.c...
compiling stm32f10x_gpio.c...
compiling stm32f10x_rcc.c...
compiling main.c...
..\User\main.c(17): warning:  #111-D: statement is unreachable
compiling delay.c...
compiling LED.c...
linking...
Program Size: Code=2844 RO-data=336 RW-data=40 ZI-data=1632  
"STM32_Project.axf" - 0 Error(s), 1 Warning(s).
Build target 'Template'
compiling LED.c...
..\User\LED.c(19): error:  #65: expected a ";"
Target not created
Rebuild target 'Template'
assembling startup_stm32f10x_hd.s...
compiling core_cm3.c...
compiling system_stm32f10x.c...
compiling misc.c...
compiling stm32f10x_gpio.c...
compiling stm32f10x_rcc.c...
compiling main.c...
..\User\main.c(17): warning:  #111-D: statement is unreachable
compiling delay.c...
compiling LED.c...
..\User\LED.c(19): error:  #65: expected a ";"
Target not created
Build target 'Template'
compiling LED.c...
linking...
Program Size: Code=2852 RO-data=336 RW-data=40 ZI-data=1632  
"STM32_Project.axf" - 0 Error(s), 0 Warning(s).
Rebuild target 'Template'
assembling startup_stm32f10x_hd.s...
compiling core_cm3.c...
compiling system_stm32f10x.c...
compiling misc.c...
compiling stm32f10x_gpio.c...
compiling stm32f10x_rcc.c...
compiling main.c...
..\User\main.c(17): warning:  #111-D: statement is unreachable
compiling delay.c...
compiling LED.c...
linking...
Program Size: Code=2852 RO-data=336 RW-data=40 ZI-data=1632  
"STM32_Project.axf" - 0 Error(s), 1 Warning(s).
Load "C:\\Users\\admin\\Documents\\程序源码\\STM32\\STM32工程模板\\STM32工程\\Project\\STM32_Project.AXF" 
Erase Done.
Programming Done.
Verify OK.
Build target 'Template'
compiling LED.c...
linking...
Program Size: Code=2852 RO-data=336 RW-data=40 ZI-data=1632  
"STM32_Project.axf" - 0 Error(s), 0 Warning(s).
Rebuild target 'Template'
assembling startup_stm32f10x_hd.s...
compiling core_cm3.c...
compiling system_stm32f10x.c...
compiling misc.c...
compiling stm32f10x_gpio.c...
compiling stm32f10x_rcc.c...
compiling main.c...
..\User\main.c(17): warning:  #111-D: statement is unreachable
compiling delay.c...
compiling LED.c...
linking...
Program Size: Code=2852 RO-data=336 RW-data=40 ZI-data=1632  
"STM32_Project.axf" - 0 Error(s), 1 Warning(s).
Load "C:\\Users\\admin\\Documents\\程序源码\\STM32\\STM32工程模板\\STM32工程\\Project\\STM32_Project.AXF" 
Erase Done.
Programming Done.
Verify OK.
